<?xml version="1.0" encoding="UTF-8"?>
<!-- Generated by org.testng.reporters.JUnitXMLReporter -->
<testsuite ignored="2" hostname="STORMBREAKER" failures="0" tests="2" name="Test" time="0.094" errors="0" timestamp="2023-01-03T08:04:03 IST">
  <testcase classname="TestNG_Sample.TestNG_Sample.SampleNG" name="Testcase102" time="0.016"/>
  <testcase classname="TestNG_Sample.TestNG_Sample.SampleNG" name="Testcase104" time="0.001"/>
  <testcase classname="TestNG_Sample.TestNG_Sample.SampleNG" name="Testcase103" time="0.0">
    <ignored/>
  </testcase> <!-- Testcase103 -->
  <testcase classname="TestNG_Sample.TestNG_Sample.SampleNG" name="Testcase101" time="0.0">
    <ignored/>
  </testcase> <!-- Testcase101 -->
</testsuite> <!-- Test -->
